#
# There is insufficient memory for the Java Runtime Environment to continue.
# Native memory allocation (mmap) failed to map 65011712 bytes for G1 virtual space
# Possible reasons:
#   The system is out of physical RAM or swap space
#   The process is running with CompressedOops enabled, and the Java Heap may be blocking the growth of the native heap
# Possible solutions:
#   Reduce memory load on the system
#   Increase physical memory or swap space
#   Check if swap backing store is full
#   Decrease Java heap size (-Xmx/-Xms)
#   Decrease number of Java threads
#   Decrease Java thread stack sizes (-Xss)
#   Set larger code cache with -XX:ReservedCodeCacheSize=
#   JVM is running with Unscaled Compressed Oops mode in which the Java heap is
#     placed in the first 4GB address space. The Java Heap base address is the
#     maximum limit for the native heap growth. Please use -XX:HeapBaseMinAddress
#     to set the Java Heap base and to place the Java Heap above 4GB virtual address.
# This output file may be truncated or incomplete.
#
#  Out of Memory Error (os_windows.cpp:3541), pid=17620, tid=17716
#
# JRE version:  (17.0.4.1+1) (build )
# Java VM: OpenJDK 64-Bit Server VM (17.0.4.1+1, mixed mode, sharing, tiered, compressed oops, compressed class ptrs, g1 gc, windows-amd64)
# No core dump will be written. Minidumps are not enabled by default on client versions of Windows
#

---------------  S U M M A R Y ------------

Command Line: -Dfile.encoding=UTF-8 -XX:+ShowCodeDetailsInExceptionMessages hotel.management.system.Hotel

Host: Intel(R) Core(TM) i3-6006U CPU @ 2.00GHz, 4 cores, 3G,  Windows 10 , 64 bit Build 19041 (10.0.19041.1889)
Time: Thu Oct 20 13:17:05 2022 India Standard Time elapsed time: 0.239255 seconds (0d 0h 0m 0s)

---------------  T H R E A D  ---------------

Current thread (0x000002059c42ded0):  JavaThread "Unknown thread" [_thread_in_vm, id=17716, stack(0x000000e511500000,0x000000e511600000)]

Stack: [0x000000e511500000,0x000000e511600000]
Native frames: (J=compiled Java code, j=interpreted, Vv=VM code, C=native code)
V  [jvm.dll+0x67731a]
V  [jvm.dll+0x832284]
V  [jvm.dll+0x833a2e]
V  [jvm.dll+0x834093]
V  [jvm.dll+0x245775]
V  [jvm.dll+0x674209]
V  [jvm.dll+0x668a92]
V  [jvm.dll+0x30471b]
V  [jvm.dll+0x30bc66]
V  [jvm.dll+0x35ba9e]
V  [jvm.dll+0x35bccf]
V  [jvm.dll+0x2db5b8]
V  [jvm.dll+0x2dc524]
V  [jvm.dll+0x803db1]
V  [jvm.dll+0x3698f1]
V  [jvm.dll+0x7e31bc]
V  [jvm.dll+0x3ec25f]
V  [jvm.dll+0x3edde1]
C  [jli.dll+0x5277]
C  [ucrtbase.dll+0x21bb2]
C  [KERNEL32.DLL+0x17034]
C  [ntdll.dll+0x526a1]


---------------  P R O C E S S  ---------------

Threads class SMR info:
_java_thread_list=0x00007ff85f434e98, length=0, elements={
}

Java Threads: ( => current thread )

Other Threads:
  0x000002059c469660 GCTaskThread "GC Thread#0" [stack: 0x000000e511600000,0x000000e511700000] [id=17720]
  0x000002059c472610 ConcurrentGCThread "G1 Main Marker" [stack: 0x000000e511700000,0x000000e511800000] [id=17724]
  0x000002059c473f40 ConcurrentGCThread "G1 Conc#0" [stack: 0x000000e511800000,0x000000e511900000] [id=17728]

[error occurred during error reporting (printing all threads), id 0xc0000005, EXCEPTION_ACCESS_VIOLATION (0xc0000005) at pc=0x00007ff85ec0c047]

VM state: not at safepoint (not fully initialized)

VM Mutex/Monitor currently owned by a thread:  ([mutex/lock_event])
[0x000002059c429100] Heap_lock - owner thread: 0x000002059c42ded0

Heap address: 0x00000000c3200000, size: 974 MB, Compressed Oops mode: 32-bit

CDS archive(s) mapped at: [0x0000000000000000-0x0000000000000000-0x0000000000000000), size 0, SharedBaseAddress: 0x0000000800000000, ArchiveRelocationMode: 0.
Narrow klass base: 0x0000000000000000, Narrow klass shift: 0, Narrow klass range: 0x0

GC Precious Log:
<Empty>

Heap:
 garbage-first heap   total 0K, used 0K [0x00000000c3200000, 0x0000000100000000)
  region size 1024K, 0 young (0K), 0 survivors (0K)

[error occurred during error reporting (printing heap information), id 0xc0000005, EXCEPTION_ACCESS_VIOLATION (0xc0000005) at pc=0x00007ff85eff0699]

GC Heap History (0 events):
No events

Deoptimization events (0 events):
No events

Classes unloaded (0 events):
No events

Classes redefined (0 events):
No events

Internal exceptions (0 events):
No events

VM Operations (0 events):
No events

Events (1 events):
Event: 0.054 Loaded shared library C:\Users\vampire\.p2\pool\plugins\org.eclipse.justj.openjdk.hotspot.jre.full.win32.x86_64_17.0.4.v20220903-1038\jre\bin\java.dll


Dynamic libraries:
0x00007ff642a70000 - 0x00007ff642a7e000 	C:\Users\vampire\.p2\pool\plugins\org.eclipse.justj.openjdk.hotspot.jre.full.win32.x86_64_17.0.4.v20220903-1038\jre\bin\javaw.exe
0x00007ff8a64f0000 - 0x00007ff8a66e8000 	C:\WINDOWS\SYSTEM32\ntdll.dll
0x00007ff8a46c0000 - 0x00007ff8a477d000 	C:\WINDOWS\System32\KERNEL32.DLL
0x00007ff8a3fe0000 - 0x00007ff8a42b2000 	C:\WINDOWS\System32\KERNELBASE.dll
0x00007ff8a4330000 - 0x00007ff8a4430000 	C:\WINDOWS\System32\ucrtbase.dll
0x00007ff88ab30000 - 0x00007ff88ab49000 	C:\Users\vampire\.p2\pool\plugins\org.eclipse.justj.openjdk.hotspot.jre.full.win32.x86_64_17.0.4.v20220903-1038\jre\bin\VCRUNTIME140.dll
0x00007ff88ab50000 - 0x00007ff88ab68000 	C:\Users\vampire\.p2\pool\plugins\org.eclipse.justj.openjdk.hotspot.jre.full.win32.x86_64_17.0.4.v20220903-1038\jre\bin\jli.dll
0x00007ff8a55f0000 - 0x00007ff8a578d000 	C:\WINDOWS\System32\USER32.dll
0x00007ff8a3e60000 - 0x00007ff8a3e82000 	C:\WINDOWS\System32\win32u.dll
0x00007ff89a040000 - 0x00007ff89a2da000 	C:\WINDOWS\WinSxS\amd64_microsoft.windows.common-controls_6595b64144ccf1df_6.0.19041.1110_none_60b5254171f9507e\COMCTL32.dll
0x00007ff8a5460000 - 0x00007ff8a548b000 	C:\WINDOWS\System32\GDI32.dll
0x00007ff8a4b80000 - 0x00007ff8a4c1e000 	C:\WINDOWS\System32\msvcrt.dll
0x00007ff8a3d20000 - 0x00007ff8a3e2f000 	C:\WINDOWS\System32\gdi32full.dll
0x00007ff8a3e90000 - 0x00007ff8a3f2d000 	C:\WINDOWS\System32\msvcp_win.dll
0x00007ff8a6420000 - 0x00007ff8a6450000 	C:\WINDOWS\System32\IMM32.DLL
0x00007ff8a0bd0000 - 0x00007ff8a0bdc000 	C:\Users\vampire\.p2\pool\plugins\org.eclipse.justj.openjdk.hotspot.jre.full.win32.x86_64_17.0.4.v20220903-1038\jre\bin\vcruntime140_1.dll
0x00007ff8858b0000 - 0x00007ff885941000 	C:\Users\vampire\.p2\pool\plugins\org.eclipse.justj.openjdk.hotspot.jre.full.win32.x86_64_17.0.4.v20220903-1038\jre\bin\msvcp140.dll
0x00007ff85e920000 - 0x00007ff85f566000 	C:\Users\vampire\.p2\pool\plugins\org.eclipse.justj.openjdk.hotspot.jre.full.win32.x86_64_17.0.4.v20220903-1038\jre\bin\server\jvm.dll
0x00007ff8a4780000 - 0x00007ff8a482e000 	C:\WINDOWS\System32\ADVAPI32.dll
0x00007ff8a53c0000 - 0x00007ff8a545c000 	C:\WINDOWS\System32\sechost.dll
0x00007ff8a4a50000 - 0x00007ff8a4b75000 	C:\WINDOWS\System32\RPCRT4.dll
0x00007ff8a5300000 - 0x00007ff8a5308000 	C:\WINDOWS\System32\PSAPI.DLL
0x00007ff891ec0000 - 0x00007ff891ec9000 	C:\WINDOWS\SYSTEM32\WSOCK32.dll
0x00007ff89a6b0000 - 0x00007ff89a6ba000 	C:\WINDOWS\SYSTEM32\VERSION.dll
0x00007ff8a4830000 - 0x00007ff8a489b000 	C:\WINDOWS\System32\WS2_32.dll
0x00007ff894100000 - 0x00007ff894127000 	C:\WINDOWS\SYSTEM32\WINMM.dll
0x00007ff8a2910000 - 0x00007ff8a2922000 	C:\WINDOWS\SYSTEM32\kernel.appcore.dll
0x00007ff89cee0000 - 0x00007ff89ceea000 	C:\Users\vampire\.p2\pool\plugins\org.eclipse.justj.openjdk.hotspot.jre.full.win32.x86_64_17.0.4.v20220903-1038\jre\bin\jimage.dll
0x00007ff8a24f0000 - 0x00007ff8a26d4000 	C:\WINDOWS\SYSTEM32\DBGHELP.DLL
0x00007ff89b4c0000 - 0x00007ff89b4ec000 	C:\WINDOWS\SYSTEM32\dbgcore.DLL
0x00007ff8a3c90000 - 0x00007ff8a3d12000 	C:\WINDOWS\System32\bcryptPrimitives.dll
0x00007ff8935b0000 - 0x00007ff8935d5000 	C:\Users\vampire\.p2\pool\plugins\org.eclipse.justj.openjdk.hotspot.jre.full.win32.x86_64_17.0.4.v20220903-1038\jre\bin\java.dll

dbghelp: loaded successfully - version: 4.0.5 - missing functions: none
symbol engine: initialized successfully - sym options: 0x614 - pdb path: .;C:\Users\vampire\.p2\pool\plugins\org.eclipse.justj.openjdk.hotspot.jre.full.win32.x86_64_17.0.4.v20220903-1038\jre\bin;C:\WINDOWS\SYSTEM32;C:\WINDOWS\WinSxS\amd64_microsoft.windows.common-controls_6595b64144ccf1df_6.0.19041.1110_none_60b5254171f9507e;C:\Users\vampire\.p2\pool\plugins\org.eclipse.justj.openjdk.hotspot.jre.full.win32.x86_64_17.0.4.v20220903-1038\jre\bin\server

VM Arguments:
jvm_args: -Dfile.encoding=UTF-8 -XX:+ShowCodeDetailsInExceptionMessages 
java_command: hotel.management.system.Hotel
java_class_path (initial): C:\Users\vampire\eclipse-workspace\Hotel Management System\bin
Launcher Type: SUN_STANDARD

[Global flags]
     intx CICompilerCount                          = 3                                         {product} {ergonomic}
     uint ConcGCThreads                            = 1                                         {product} {ergonomic}
     uint G1ConcRefinementThreads                  = 4                                         {product} {ergonomic}
   size_t G1HeapRegionSize                         = 1048576                                   {product} {ergonomic}
    uintx GCDrainStackTargetSize                   = 64                                        {product} {ergonomic}
   size_t InitialHeapSize                          = 65011712                                  {product} {ergonomic}
   size_t MarkStackSize                            = 4194304                                   {product} {ergonomic}
   size_t MaxHeapSize                              = 1021313024                                {product} {ergonomic}
   size_t MinHeapDeltaBytes                        = 1048576                                   {product} {ergonomic}
   size_t MinHeapSize                              = 8388608                                   {product} {ergonomic}
    uintx NonNMethodCodeHeapSize                   = 5832780                                {pd product} {ergonomic}
    uintx NonProfiledCodeHeapSize                  = 122912730                              {pd product} {ergonomic}
    uintx ProfiledCodeHeapSize                     = 122912730                              {pd product} {ergonomic}
    uintx ReservedCodeCacheSize                    = 251658240                              {pd product} {ergonomic}
     bool SegmentedCodeCache                       = true                                      {product} {ergonomic}
     bool ShowCodeDetailsInExceptionMessages       = true                                   {manageable} {command line}
   size_t SoftMaxHeapSize                          = 1021313024                             {manageable} {ergonomic}
     bool UseCompressedClassPointers               = true                           {product lp64_product} {ergonomic}
     bool UseCompressedOops                        = true                           {product lp64_product} {ergonomic}
     bool UseG1GC                                  = true                                      {product} {ergonomic}
     bool UseLargePagesIndividualAllocation        = false                                  {pd product} {ergonomic}

Logging:
Log output configuration:
 #0: stdout all=warning uptime,level,tags
 #1: stderr all=off uptime,level,tags

Environment Variables:
PATH=C:/Users/vampire/.p2/pool/plugins/org.eclipse.justj.openjdk.hotspot.jre.full.win32.x86_64_17.0.4.v20220903-1038/jre/bin/server;C:/Users/vampire/.p2/pool/plugins/org.eclipse.justj.openjdk.hotspot.jre.full.win32.x86_64_17.0.4.v20220903-1038/jre/bin;C:\oracle\product\10.2.0\db_4\bin;C:\oracle\product\10.2.0\db_1\bin;C:\Program Files\Eclipse Adoptium\jdk-17.0.3.7-hotspot\bin;C:\WINDOWS\system32;C:\WINDOWS;C:\WINDOWS\System32\Wbem;C:\WINDOWS\System32\WindowsPowerShell\v1.0\;C:\WINDOWS\System32\OpenSSH\;C:\Program Files\nodejs\;C:\Users\vampire\AppData\Local\Microsoft\WindowsApps;;C:\Users\vampire\AppData\Local\Programs\Microsoft VS Code\bin;C:\Users\vampire\AppData\Roaming\npm;C:\Users\vampire\Desktop;
USERNAME=vampire
OS=Windows_NT
PROCESSOR_IDENTIFIER=Intel64 Family 6 Model 78 Stepping 3, GenuineIntel
TMP=C:\Users\vampire\AppData\Local\Temp
TEMP=C:\Users\vampire\AppData\Local\Temp



---------------  S Y S T E M  ---------------

OS:
 Windows 10 , 64 bit Build 19041 (10.0.19041.1889)
OS uptime: 3 days 2:58 hours

CPU: total 4 (initial active 4) (2 cores per cpu, 2 threads per core) family 6 model 78 stepping 3 microcode 0xcc, cx8, cmov, fxsr, ht, mmx, 3dnowpref, sse, sse2, sse3, ssse3, sse4.1, sse4.2, popcnt, lzcnt, tsc, tscinvbit, avx, avx2, aes, erms, clmul, bmi1, bmi2, adx, fma, vzeroupper, clflush, clflushopt

Memory: 4k page, system-wide physical 3888M (208M free)
TotalPageFile size 15664M (AvailPageFile size 64M)
current process WorkingSet (physical memory assigned to process): 10M, peak: 10M
current process commit charge ("private bytes"): 51M, peak: 113M

vm_info: OpenJDK 64-Bit Server VM (17.0.4.1+1) for windows-amd64 JRE (17.0.4.1+1), built on Aug 17 2022 07:42:43 by "temurin" with MS VC++ 16.7 (VS2019)

END.
